#
# A fatal error has been detected by the Java Runtime Environment:
#
#  EXCEPTION_ACCESS_VIOLATION (0xc0000005) at pc=0x000001f20002acca, pid=12404, tid=0x0000000000002808
#
# JRE version: Java(TM) SE Runtime Environment (8.0_341-b10) (build 1.8.0_341-b10)
# Java VM: Java HotSpot(TM) 64-Bit Server VM (25.341-b10 mixed mode windows-amd64 compressed oops)
# Problematic frame:
# j  javax.validation.Validation.byDefaultProvider()Ljavax/validation/bootstrap/GenericBootstrap;+0
#
# Failed to write core dump. Minidumps are not enabled by default on client versions of Windows
#
# If you would like to submit a bug report, please visit:
#   http://bugreport.java.com/bugreport/crash.jsp
#

---------------  T H R E A D  ---------------

Current thread (0x000001f27cb86000):  JavaThread "background-preinit" [_thread_in_Java, id=10248, stack(0x000000dd34f00000,0x000000dd35000000)]

siginfo: ExceptionCode=0xc0000005, reading address 0x000001f300008189

Registers:
RAX=0x000001f200008180, RBX=0x0000000100000009, RCX=0x000001f27d2dcb38, RDX=0x0000000000000000
RSP=0x000000dd34fff3a0, RBP=0x000000dd34fff3d0, RSI=0x0000000020200020, RDI=0x0000000000000010
R8 =0x0000000000000006, R9 =0x0000000000000006, R10=0x0000000061fe7260, R11=0x0000000000000004
R12=0x0000000000000000, R13=0x000001f27d2dca23, R14=0x000000dd34fff3d8, R15=0x000001f27cb86000
RIP=0x000001f20002acca, EFLAGS=0x0000000000010213

Top of Stack: (sp=0x000000dd34fff3a0)
0x000000dd34fff3a0:   00000000000034ff 000001f27d2dcb38
0x000000dd34fff3b0:   0000000000000000 000001f27d2dca20
0x000000dd34fff3c0:   0000000000000000 000000dd34fff3e0
0x000000dd34fff3d0:   000000dd34fff420 000001f200008180
0x000000dd34fff3e0:   000000dd34fff3e0 000001f27d2dc4a8
0x000000dd34fff3f0:   000000dd34fff438 000001f27d2dc608
0x000000dd34fff400:   0000000000000000 000001f27d2dc4e0
0x000000dd34fff410:   000000dd34fff3e0 000000dd34fff438
0x000000dd34fff420:   000000dd34fff480 000001f200008442
0x000000dd34fff430:   0000000000000000 00000000d7a85298
0x000000dd34fff440:   000000dd34fff440 000001f27d2d88b9
0x000000dd34fff450:   000000dd34fff4a0 000001f27d2d89a0
0x000000dd34fff460:   0000000000000000 000001f27d2d8908
0x000000dd34fff470:   000000dd34fff438 000000dd34fff498
0x000000dd34fff480:   000000dd34fff4e8 000001f200007bd0
0x000000dd34fff490:   0000000000000000 00000000d7a85298 

Instructions: (pc=0x000001f20002acca)
0x000001f20002acaa:   e9 01 00 00 00 50 49 8b 06 41 0f b7 55 02 48 8b
0x000001f20002acba:   4d d8 c1 e2 02 48 8b 5c d1 20 49 ff c5 48 3b 00
0x000001f20002acca:   8b 04 18 49 ff cd 41 0f b6 5d 04 49 83 c5 04 49
0x000001f20002acda:   ba 60 92 fe 61 00 00 00 00 41 ff 24 da 90 00 00 


Register to memory mapping:

RAX=0x000001f200008180 is at code_begin+1664 in an Interpreter codelet
invoke return entry points  [0x000001f200007b00, 0x000001f2000084e0]  2528 bytes
RBX=0x0000000100000009 is pointing into metadata
RCX=0x000001f27d2dcb38 is pointing into metadata
RDX=0x0000000000000000 is an unknown value
RSP=0x000000dd34fff3a0 is pointing into the stack for thread: 0x000001f27cb86000
RBP=0x000000dd34fff3d0 is pointing into the stack for thread: 0x000001f27cb86000
RSI=0x0000000020200020 is an unknown value
RDI=0x0000000000000010 is an unknown value
R8 =0x0000000000000006 is an unknown value
R9 =0x0000000000000006 is an unknown value
R10=0x0000000061fe7260 is an unknown value
R11=0x0000000000000004 is an unknown value
R12=0x0000000000000000 is an unknown value
R13=0x000001f27d2dca23 is pointing into metadata
R14=0x000000dd34fff3d8 is pointing into the stack for thread: 0x000001f27cb86000
R15=0x000001f27cb86000 is a thread


Stack: [0x000000dd34f00000,0x000000dd35000000],  sp=0x000000dd34fff3a0,  free space=1020k
Native frames: (J=compiled Java code, j=interpreted, Vv=VM code, C=native code)
C  0x000001f20002acca


---------------  P R O C E S S  ---------------

Java Threads: ( => current thread )
=>0x000001f27cb86000 JavaThread "background-preinit" [_thread_in_Java, id=10248, stack(0x000000dd34f00000,0x000000dd35000000)]
  0x000001f27c8d8800 JavaThread "RMI Scheduler(0)" daemon [_thread_blocked, id=11648, stack(0x000000dd34e00000,0x000000dd34f00000)]
  0x000001f27ca51000 JavaThread "RMI TCP Connection(1)-172.10.5.1" daemon [_thread_in_native, id=1464, stack(0x000000dd34d00000,0x000000dd34e00000)]
  0x000001f27c6ba800 JavaThread "RMI TCP Accept-0" daemon [_thread_in_native, id=11356, stack(0x000000dd34b00000,0x000000dd34c00000)]
  0x000001f27c12b800 JavaThread "Service Thread" daemon [_thread_blocked, id=11320, stack(0x000000dd34a00000,0x000000dd34b00000)]
  0x000001f27c0ed800 JavaThread "C1 CompilerThread2" daemon [_thread_blocked, id=2544, stack(0x000000dd34900000,0x000000dd34a00000)]
  0x000001f27c090000 JavaThread "C2 CompilerThread1" daemon [_thread_blocked, id=8344, stack(0x000000dd34800000,0x000000dd34900000)]
  0x000001f27c08d000 JavaThread "C2 CompilerThread0" daemon [_thread_blocked, id=5648, stack(0x000000dd34700000,0x000000dd34800000)]
  0x000001f27c07f800 JavaThread "Monitor Ctrl-Break" daemon [_thread_in_native, id=12900, stack(0x000000dd34600000,0x000000dd34700000)]
  0x000001f27b24a800 JavaThread "Attach Listener" daemon [_thread_blocked, id=3464, stack(0x000000dd34500000,0x000000dd34600000)]
  0x000001f27b249800 JavaThread "Signal Dispatcher" daemon [_thread_blocked, id=4564, stack(0x000000dd34400000,0x000000dd34500000)]
  0x000001f27b21f000 JavaThread "Finalizer" daemon [_thread_blocked, id=5788, stack(0x000000dd34300000,0x000000dd34400000)]
  0x000001f27b21d800 JavaThread "Reference Handler" daemon [_thread_blocked, id=956, stack(0x000000dd34200000,0x000000dd34300000)]
  0x000001f273b55000 JavaThread "main" [_thread_in_native, id=792, stack(0x000000dd33b00000,0x000000dd33c00000)]

Other Threads:
  0x000001f27b1f1800 VMThread [stack: 0x000000dd34100000,0x000000dd34200000] [id=14092]
  0x000001f27c6c3000 WatcherThread [stack: 0x000000dd34c00000,0x000000dd34d00000] [id=820]

VM state:not at safepoint (normal execution)

VM Mutex/Monitor currently owned by a thread: None

heap address: 0x0000000081c00000, size: 2020 MB, Compressed Oops mode: 32-bit
Narrow klass base: 0x0000000000000000, Narrow klass shift: 3
Compressed class space size: 1073741824 Address: 0x0000000100000000

Heap:
 PSYoungGen      total 38400K, used 34033K [0x00000000d5f00000, 0x00000000d8980000, 0x0000000100000000)
  eden space 33280K, 88% used [0x00000000d5f00000,0x00000000d7bdd758,0x00000000d7f80000)
  from space 5120K, 87% used [0x00000000d7f80000,0x00000000d83ded70,0x00000000d8480000)
  to   space 5120K, 0% used [0x00000000d8480000,0x00000000d8480000,0x00000000d8980000)
 ParOldGen       total 87552K, used 8K [0x0000000081c00000, 0x0000000087180000, 0x00000000d5f00000)
  object space 87552K, 0% used [0x0000000081c00000,0x0000000081c02000,0x0000000087180000)
 Metaspace       used 14322K, capacity 14966K, committed 15232K, reserved 1062912K
  class space    used 1899K, capacity 2057K, committed 2176K, reserved 1048576K

Card table byte_map: [0x000001f275820000,0x000001f275c20000] byte_map_base: 0x000001f275412000

Marking Bits: (ParMarkBitMap*) 0x0000000062009030
 Begin Bits: [0x000001f275ed0000, 0x000001f277e60000)
 End Bits:   [0x000001f277e60000, 0x000001f279df0000)

Polling page: 0x000001f273af0000

CodeCache: size=245760Kb used=3223Kb max_used=3223Kb free=242536Kb
 bounds [0x000001f200000000, 0x000001f200330000, 0x000001f20f000000]
 total_blobs=1723 nmethods=1350 adapters=285
 compilation: enabled

Compilation events (10 events):
Event: 3.674 Thread 0x000001f27c0ed800 1339       1       org.springframework.core.ResolvableType::equals (157 bytes)
Event: 3.675 Thread 0x000001f27c0ed800 nmethod 1339 0x000001f200322390 code [0x000001f200322560, 0x000001f200322920]
Event: 3.675 Thread 0x000001f27c0ed800 1338       1       org.springframework.core.convert.support.GenericConversionService::addConverter (13 bytes)
Event: 3.675 Thread 0x000001f27c0ed800 nmethod 1338 0x000001f200322ad0 code [0x000001f200322c40, 0x000001f200322dc0]
Event: 3.675 Thread 0x000001f27c0ed800 1340       1       org.springframework.core.convert.support.GenericConversionService$Converters$$Lambda$30/141289226::apply (8 bytes)
Event: 3.675 Thread 0x000001f27c0ed800 nmethod 1340 0x000001f200322e90 code [0x000001f200323000, 0x000001f2003232b8]
Event: 3.675 Thread 0x000001f27c0ed800 1341       1       org.springframework.core.convert.support.GenericConversionService$Converters::lambda$getMatchableConverters$0 (9 bytes)
Event: 3.675 Thread 0x000001f27c0ed800 nmethod 1341 0x000001f200323410 code [0x000001f200323560, 0x000001f2003237b8]
Event: 3.675 Thread 0x000001f27c0ed800 1342       1       java.security.PermissionCollection::isReadOnly (5 bytes)
Event: 3.675 Thread 0x000001f27c0ed800 nmethod 1342 0x000001f2003238d0 code [0x000001f200323a20, 0x000001f200323b38]

GC Heap History (2 events):
Event: 3.042 GC heap before
{Heap before GC invocations=1 (full 0):
 PSYoungGen      total 38400K, used 33280K [0x00000000d5f00000, 0x00000000d8980000, 0x0000000100000000)
  eden space 33280K, 100% used [0x00000000d5f00000,0x00000000d7f80000,0x00000000d7f80000)
  from space 5120K, 0% used [0x00000000d8480000,0x00000000d8480000,0x00000000d8980000)
  to   space 5120K, 0% used [0x00000000d7f80000,0x00000000d7f80000,0x00000000d8480000)
 ParOldGen       total 87552K, used 0K [0x0000000081c00000, 0x0000000087180000, 0x00000000d5f00000)
  object space 87552K, 0% used [0x0000000081c00000,0x0000000081c00000,0x0000000087180000)
 Metaspace       used 10736K, capacity 10944K, committed 11136K, reserved 1058816K
  class space    used 1319K, capacity 1390K, committed 1408K, reserved 1048576K
Event: 3.049 GC heap after
Heap after GC invocations=1 (full 0):
 PSYoungGen      total 38400K, used 4475K [0x00000000d5f00000, 0x00000000d8980000, 0x0000000100000000)
  eden space 33280K, 0% used [0x00000000d5f00000,0x00000000d5f00000,0x00000000d7f80000)
  from space 5120K, 87% used [0x00000000d7f80000,0x00000000d83ded70,0x00000000d8480000)
  to   space 5120K, 0% used [0x00000000d8480000,0x00000000d8480000,0x00000000d8980000)
 ParOldGen       total 87552K, used 8K [0x0000000081c00000, 0x0000000087180000, 0x00000000d5f00000)
  object space 87552K, 0% used [0x0000000081c00000,0x0000000081c02000,0x0000000087180000)
 Metaspace       used 10736K, capacity 10944K, committed 11136K, reserved 1058816K
  class space    used 1319K, capacity 1390K, committed 1408K, reserved 1048576K
}

Deoptimization events (0 events):
No events

Classes redefined (0 events):
No events

Internal exceptions (10 events):
Event: 3.207 Thread 0x000001f273b55000 Exception <a 'java/lang/NoSuchMethodError': java.lang.Object.lambda$or$2(Ljava/util/function/BiPredicate;Ljava/lang/Object;Ljava/lang/Object;)Z> (0x00000000d6722950) thrown at [C:\jenkins\workspace\8-2-build-windows-x64-cygwin\jdk8u341\2692\hotspot\src\sh
Event: 3.218 Thread 0x000001f273b55000 Exception <a 'java/lang/NoSuchMethodError': java.lang.Object.lambda$chars$0()Ljava/util/Spliterator$OfInt;> (0x00000000d67373b8) thrown at [C:\jenkins\workspace\8-2-build-windows-x64-cygwin\jdk8u341\2692\hotspot\src\share\vm\interpreter\linkResolver.cpp, 
Event: 3.280 Thread 0x000001f273b55000 Exception <a 'java/lang/NoSuchMethodError': java.lang.Object.lambda$comparing$77a9974f$1(Ljava/util/function/Function;Ljava/lang/Object;Ljava/lang/Object;)I> (0x00000000d6a61218) thrown at [C:\jenkins\workspace\8-2-build-windows-x64-cygwin\jdk8u341\2692\h
Event: 3.321 Thread 0x000001f273b55000 Exception <a 'java/lang/NoSuchMethodError': java.lang.Object.lambda$from$1(Ljava/util/function/Supplier;Lorg/springframework/boot/BootstrapContext;)Ljava/lang/Object;> (0x00000000d6d5f450) thrown at [C:\jenkins\workspace\8-2-build-windows-x64-cygwin\jdk8u
Event: 3.345 Thread 0x000001f27ca51000 Exception <a 'java/lang/NoSuchMethodError': <clinit>> (0x00000000d6e77830) thrown at [C:\jenkins\workspace\8-2-build-windows-x64-cygwin\jdk8u341\2692\hotspot\src\share\vm\prims\jni.cpp, line 1615]
Event: 3.373 Thread 0x000001f27ca51000 Exception <a 'java/lang/ClassNotFoundException': javax/management/remote/rmi/RMIConnectionImpl_Skel> (0x00000000d6e8eb10) thrown at [C:\jenkins\workspace\8-2-build-windows-x64-cygwin\jdk8u341\2692\hotspot\src\share\vm\classfile\systemDictionary.cpp, line 
Event: 3.404 Thread 0x000001f27ca51000 Exception <a 'java/lang/reflect/InvocationTargetException'> (0x00000000d6fa9450) thrown at [C:\jenkins\workspace\8-2-build-windows-x64-cygwin\jdk8u341\2692\hotspot\src\share\vm\runtime\reflection.cpp, line 1092]
Event: 3.411 Thread 0x000001f27ca51000 Exception <a 'java/lang/NoSuchMethodError': <clinit>> (0x00000000d6fcf670) thrown at [C:\jenkins\workspace\8-2-build-windows-x64-cygwin\jdk8u341\2692\hotspot\src\share\vm\prims\jni.cpp, line 1615]
Event: 3.453 Thread 0x000001f273b55000 Exception <a 'java/lang/NoSuchMethodError': java.lang.Object.lambda$and$0(Ljava/util/function/Predicate;Ljava/lang/Object;)Z> (0x00000000d72094a8) thrown at [C:\jenkins\workspace\8-2-build-windows-x64-cygwin\jdk8u341\2692\hotspot\src\share\vm\interpreter\
Event: 3.671 Thread 0x000001f273b55000 Exception <a 'java/lang/IncompatibleClassChangeError': Found class java.lang.Object, but interface was expected> (0x00000000d7a305a8) thrown at [C:\jenkins\workspace\8-2-build-windows-x64-cygwin\jdk8u341\2692\hotspot\src\share\vm\interpreter\linkResolver.

Events (10 events):
Event: 3.673 loading class org/springframework/boot/SpringApplicationBannerPrinter
Event: 3.673 loading class org/springframework/boot/SpringApplicationBannerPrinter done
Event: 3.673 loading class org/springframework/boot/autoconfigure/BackgroundPreinitializer$ConversionServiceInitializer
Event: 3.673 loading class org/springframework/boot/autoconfigure/BackgroundPreinitializer$ConversionServiceInitializer done
Event: 3.673 loading class org/springframework/boot/SpringBootBanner
Event: 3.673 loading class org/springframework/boot/SpringBootBanner done
Event: 3.674 loading class org/springframework/boot/autoconfigure/BackgroundPreinitializer$ValidationInitializer
Event: 3.674 loading class org/springframework/boot/autoconfigure/BackgroundPreinitializer$ValidationInitializer done
Event: 3.675 loading class javax/validation/Validation
Event: 3.675 loading class javax/validation/Validation done


Dynamic libraries:
0x00007ff69c670000 - 0x00007ff69c6b7000 	C:\Program Files\Java\jdk1.8.0_341\bin\java.exe
0x00007ffed8e70000 - 0x00007ffed9068000 	C:\WINDOWS\SYSTEM32\ntdll.dll
0x00007ffed87d0000 - 0x00007ffed888f000 	C:\WINDOWS\System32\KERNEL32.DLL
0x00007ffed6630000 - 0x00007ffed690a000 	C:\WINDOWS\System32\KERNELBASE.dll
0x00007ffed8b60000 - 0x00007ffed8c0e000 	C:\WINDOWS\System32\ADVAPI32.dll
0x00007ffed85b0000 - 0x00007ffed864e000 	C:\WINDOWS\System32\msvcrt.dll
0x00007ffed8ce0000 - 0x00007ffed8d7c000 	C:\WINDOWS\System32\sechost.dll
0x00007ffed7c10000 - 0x00007ffed7d36000 	C:\WINDOWS\System32\RPCRT4.dll
0x00007ffed8330000 - 0x00007ffed84cd000 	C:\WINDOWS\System32\USER32.dll
0x00007ffed6a70000 - 0x00007ffed6a92000 	C:\WINDOWS\System32\win32u.dll
0x00007ffed7d40000 - 0x00007ffed7d6b000 	C:\WINDOWS\System32\GDI32.dll
0x00007ffed6aa0000 - 0x00007ffed6bb0000 	C:\WINDOWS\System32\gdi32full.dll
0x00007ffed6c40000 - 0x00007ffed6cdd000 	C:\WINDOWS\System32\msvcp_win.dll
0x00007ffed6da0000 - 0x00007ffed6ea0000 	C:\WINDOWS\System32\ucrtbase.dll
0x00007ffec6c00000 - 0x00007ffec6e9a000 	C:\WINDOWS\WinSxS\amd64_microsoft.windows.common-controls_6595b64144ccf1df_6.0.19041.1110_none_60b5254171f9507e\COMCTL32.dll
0x00007ffed7880000 - 0x00007ffed78b0000 	C:\WINDOWS\System32\IMM32.DLL
0x00007ffebd0a0000 - 0x00007ffebd0b5000 	C:\Program Files\Java\jdk1.8.0_341\jre\bin\vcruntime140.dll
0x00007ffeacdc0000 - 0x00007ffeace5b000 	C:\Program Files\Java\jdk1.8.0_341\jre\bin\msvcp140.dll
0x0000000061820000 - 0x0000000062081000 	C:\Program Files\Java\jdk1.8.0_341\jre\bin\server\jvm.dll
0x00007ffed7eb0000 - 0x00007ffed7eb8000 	C:\WINDOWS\System32\PSAPI.DLL
0x00007ffecbb70000 - 0x00007ffecbb79000 	C:\WINDOWS\SYSTEM32\WSOCK32.dll
0x00007ffed8a60000 - 0x00007ffed8acb000 	C:\WINDOWS\System32\WS2_32.dll
0x00007ffec2d70000 - 0x00007ffec2d97000 	C:\WINDOWS\SYSTEM32\WINMM.dll
0x00007ffec91f0000 - 0x00007ffec91fa000 	C:\WINDOWS\SYSTEM32\VERSION.dll
0x00007ffed4de0000 - 0x00007ffed4df2000 	C:\WINDOWS\SYSTEM32\kernel.appcore.dll
0x00007ffec4c70000 - 0x00007ffec4c80000 	C:\Program Files\Java\jdk1.8.0_341\jre\bin\verify.dll
0x00007ffebd070000 - 0x00007ffebd09b000 	C:\Program Files\Java\jdk1.8.0_341\jre\bin\java.dll
0x00007ffeb0e30000 - 0x00007ffeb0e60000 	C:\Program Files\Java\jdk1.8.0_341\jre\bin\instrument.dll
0x00007ffebd050000 - 0x00007ffebd068000 	C:\Program Files\Java\jdk1.8.0_341\jre\bin\zip.dll
0x00007ffed70d0000 - 0x00007ffed7814000 	C:\WINDOWS\System32\SHELL32.dll
0x00007ffed41f0000 - 0x00007ffed4983000 	C:\WINDOWS\SYSTEM32\windows.storage.dll
0x00007ffed78b0000 - 0x00007ffed7c04000 	C:\WINDOWS\System32\combase.dll
0x00007ffed5e20000 - 0x00007ffed5e4e000 	C:\WINDOWS\SYSTEM32\Wldp.dll
0x00007ffed8d80000 - 0x00007ffed8e2d000 	C:\WINDOWS\System32\SHCORE.dll
0x00007ffed7d70000 - 0x00007ffed7dc5000 	C:\WINDOWS\System32\shlwapi.dll
0x00007ffed64c0000 - 0x00007ffed64df000 	C:\WINDOWS\SYSTEM32\profapi.dll
0x00007ffeba4a0000 - 0x00007ffeba4ba000 	C:\Program Files\JetBrains\IntelliJ IDEA 2022.1.3\bin\breakgen64.dll
0x00007ffebd030000 - 0x00007ffebd04c000 	C:\Program Files\Java\jdk1.8.0_341\jre\bin\net.dll
0x00007ffed5c00000 - 0x00007ffed5c6a000 	C:\WINDOWS\system32\mswsock.dll
0x00007ffed5950000 - 0x00007ffed5a1b000 	C:\WINDOWS\SYSTEM32\DNSAPI.dll
0x00007ffed5910000 - 0x00007ffed594c000 	C:\WINDOWS\SYSTEM32\IPHLPAPI.DLL
0x00007ffed70b0000 - 0x00007ffed70b8000 	C:\WINDOWS\System32\NSI.dll
0x00007ffecc3c0000 - 0x00007ffecc3ca000 	C:\Windows\System32\rasadhlp.dll
0x00007ffecc3e0000 - 0x00007ffecc460000 	C:\WINDOWS\System32\fwpuclnt.dll
0x00007ffed6ea0000 - 0x00007ffed6ec7000 	C:\WINDOWS\System32\bcrypt.dll
0x00007ffeb83b0000 - 0x00007ffeb83bd000 	C:\Program Files\Java\jdk1.8.0_341\jre\bin\management.dll
0x00007ffeba600000 - 0x00007ffeba613000 	C:\Program Files\Java\jdk1.8.0_341\jre\bin\nio.dll
0x00007ffed5e60000 - 0x00007ffed5e78000 	C:\WINDOWS\SYSTEM32\CRYPTSP.dll
0x00007ffed5540000 - 0x00007ffed5574000 	C:\WINDOWS\system32\rsaenh.dll
0x00007ffed6440000 - 0x00007ffed646e000 	C:\WINDOWS\SYSTEM32\USERENV.dll
0x00007ffed6bb0000 - 0x00007ffed6c32000 	C:\WINDOWS\System32\bcryptprimitives.dll
0x00007ffed5d90000 - 0x00007ffed5d9c000 	C:\WINDOWS\SYSTEM32\CRYPTBASE.dll
0x00007ffecee70000 - 0x00007ffecee87000 	C:\WINDOWS\SYSTEM32\dhcpcsvc6.DLL
0x00007ffecf0b0000 - 0x00007ffecf0cd000 	C:\WINDOWS\SYSTEM32\dhcpcsvc.DLL
0x00007ffecd4c0000 - 0x00007ffecd4d7000 	C:\WINDOWS\system32\napinsp.dll
0x00007ffec4da0000 - 0x00007ffec4dbb000 	C:\WINDOWS\system32\pnrpnsp.dll
0x00007ffed0b20000 - 0x00007ffed0b35000 	C:\WINDOWS\system32\wshbth.dll
0x00007ffed1180000 - 0x00007ffed119d000 	C:\WINDOWS\system32\NLAapi.dll
0x00007ffebcb70000 - 0x00007ffebcb82000 	C:\WINDOWS\System32\winrnr.dll
0x00007ffed4a60000 - 0x00007ffed4c44000 	C:\WINDOWS\SYSTEM32\dbghelp.dll

VM Arguments:
jvm_args: -XX:TieredStopAtLevel=1 -Xverify:none -Dspring.output.ansi.enabled=always -Dcom.sun.management.jmxremote -Dspring.jmx.enabled=true -Dspring.liveBeansView.mbeanDomain -Dspring.application.admin.enabled=true -javaagent:C:\Program Files\JetBrains\IntelliJ IDEA 2022.1.3\lib\idea_rt.jar=57362:C:\Program Files\JetBrains\IntelliJ IDEA 2022.1.3\bin -Dfile.encoding=UTF-8 
java_command: tn.wissem.msarticle.MsArticleApplication
java_class_path (initial): C:\Program Files\Java\jdk1.8.0_341\jre\lib\charsets.jar;C:\Program Files\Java\jdk1.8.0_341\jre\lib\deploy.jar;C:\Program Files\Java\jdk1.8.0_341\jre\lib\ext\access-bridge-64.jar;C:\Program Files\Java\jdk1.8.0_341\jre\lib\ext\cldrdata.jar;C:\Program Files\Java\jdk1.8.0_341\jre\lib\ext\dnsns.jar;C:\Program Files\Java\jdk1.8.0_341\jre\lib\ext\jaccess.jar;C:\Program Files\Java\jdk1.8.0_341\jre\lib\ext\jfxrt.jar;C:\Program Files\Java\jdk1.8.0_341\jre\lib\ext\localedata.jar;C:\Program Files\Java\jdk1.8.0_341\jre\lib\ext\nashorn.jar;C:\Program Files\Java\jdk1.8.0_341\jre\lib\ext\sunec.jar;C:\Program Files\Java\jdk1.8.0_341\jre\lib\ext\sunjce_provider.jar;C:\Program Files\Java\jdk1.8.0_341\jre\lib\ext\sunmscapi.jar;C:\Program Files\Java\jdk1.8.0_341\jre\lib\ext\sunpkcs11.jar;C:\Program Files\Java\jdk1.8.0_341\jre\lib\ext\zipfs.jar;C:\Program Files\Java\jdk1.8.0_341\jre\lib\javaws.jar;C:\Program Files\Java\jdk1.8.0_341\jre\lib\jce.jar;C:\Program Files\Java\jdk1.8.0_341\jre\lib\jfr.jar;C:\Program Files\Java\jdk1.8.0_341\jre\lib\jfxswt.jar;C:\Program Files\Java\jdk1.8.0_341\jre\lib\jsse.jar;C:\Program Files\Java\jdk1.8.0_341\jre\lib\management-agent.jar;C:\Program Files\Java\jdk1.8.0_341\jre\lib\plugin.jar;C:\Program Files\Java\jdk1.8.0_341\jre\lib\resources.jar;C:\Program Files\Java\jdk1.8.0_341\jre\lib\rt.jar;C:\Users\ATEF\Desktop\micro-services-project\ms-article\target\classes;C:\Users\ATEF\.m2\repository\org\springframework\boot\spring-boot-starter-data-jpa\2.7.12\spring-boot-starter-data-jpa-2.7.12.jar;C:\Users\ATEF\.m2\repository\org\springframework\boot\spring-boot-starter-aop\2.7.12\spring-boot-starter-aop-2.7.12.jar;C:\Users\ATEF\.m2\repository\org\springframework\spring-aop\5.3.27\spring-aop-5.3.27.jar;C:\Users\ATEF\.m2\repository\org\aspectj\aspectjweaver\1.9.7\aspectjweaver-1.9.7.jar;C:\Users\ATEF\.m2\repository\org\springframework\boot\spring-boot-starter-jdbc\2.7.12\spring-boot-starter-jdbc-2.7.12.jar;C:\Users\ATEF\.m2\repository\com
Launcher Type: SUN_STANDARD

Environment Variables:
JAVA_HOME=C:\Program Files\Java\jdk1.8.0_341
PATH=C:\Program Files\Java\jdk1.8.0_341\bin;C:\WINDOWS\system32;C:\WINDOWS;C:\WINDOWS\System32\Wbem;C:\WINDOWS\System32\WindowsPowerShell\v1.0\;C:\WINDOWS\System32\OpenSSH\;C:\HashiCorp\Vagrant\bin;C:\Program Files\Git\cmd;;C:\Program Files\Docker\Docker\resources\bin;C:\Users\ATEF\AppData\Local\Microsoft\WindowsApps;;C:\Users\ATEF\AppData\Local\Programs\Microsoft VS Code\bin
USERNAME=ATEF
OS=Windows_NT
PROCESSOR_IDENTIFIER=Intel64 Family 6 Model 142 Stepping 9, GenuineIntel



---------------  S Y S T E M  ---------------

OS: Windows 10 , 64 bit Build 19041 (10.0.19041.2788)

CPU:total 4 (initial active 4) (2 cores per cpu, 2 threads per core) family 6 model 142 stepping 9, cmov, cx8, fxsr, mmx, sse, sse2, sse3, ssse3, sse4.1, sse4.2, popcnt, avx, avx2, aes, clmul, erms, 3dnowpref, lzcnt, ht, tsc, tscinvbit, bmi1, bmi2, adx

Memory: 4k page, physical 8267184k(1041804k free), swap 16131504k(3391628k free)

vm_info: Java HotSpot(TM) 64-Bit Server VM (25.341-b10) for windows-amd64 JRE (1.8.0_341-b10), built on Jun 16 2022 15:51:07 by "java_re" with MS VC++ 15.9 (VS2017)

time: Sun May 28 10:54:50 2023
timezone: GMT Summer Time
elapsed time: 3.697234 seconds (0d 0h 0m 3s)

